# JRE version: OpenJDK Runtime Environment (8.0_242-b01) (build 1.8.0_242-release-1644-b01)
# Java VM: OpenJDK 64-Bit Server VM (25.242-b01 mixed mode windows-amd64 compressed oops)
Heap:
 PSYoungGen      total 613888K, used 486167K [0x00000000d5580000, 0x0000000100000000, 0x0000000100000000)
  eden space 541184K, 78% used [0x00000000d5580000,0x00000000ef506640,0x00000000f6600000)
  from space 72704K, 83% used [0x00000000fb900000,0x00000000ff43f810,0x0000000100000000)
  to   space 78848K, 0% used [0x00000000f6600000,0x00000000f6600000,0x00000000fb300000)
 ParOldGen       total 310272K, used 60619K [0x0000000080000000, 0x0000000092f00000, 0x00000000d5580000)
  object space 310272K, 19% used [0x0000000080000000,0x0000000083b32f60,0x0000000092f00000)
 Metaspace       used 141522K, capacity 150190K, committed 150440K, reserved 1179648K
  class space    used 18297K, capacity 19821K, committed 19888K, reserved 1048576K
GC Heap History (10 events):
Event: 1240.029 GC heap before
{Heap before GC invocations=28 (full 4):
 PSYoungGen      total 580096K, used 504320K [0x00000000d5580000, 0x0000000100000000, 0x0000000100000000)
  eden space 504320K, 100% used [0x00000000d5580000,0x00000000f4200000,0x00000000f4200000)
  from space 75776K, 0% used [0x00000000f4200000,0x00000000f4200000,0x00000000f8c00000)
  to   space 73216K, 0% used [0x00000000fb880000,0x00000000fb880000,0x0000000100000000)
 ParOldGen       total 310272K, used 60579K [0x0000000080000000, 0x0000000092f00000, 0x00000000d5580000)
  object space 310272K, 19% used [0x0000000080000000,0x0000000083b28f60,0x0000000092f00000)
 Metaspace       used 91838K, capacity 96354K, committed 99624K, reserved 1134592K
  class space    used 12013K, capacity 12819K, committed 13616K, reserved 1048576K
Event: 1240.057 GC heap after
Heap after GC invocations=28 (full 4):
 PSYoungGen      total 612352K, used 27110K [0x00000000d5580000, 0x00000000ff580000, 0x0000000100000000)
  eden space 549888K, 0% used [0x00000000d5580000,0x00000000d5580000,0x00000000f6e80000)
  from space 62464K, 43% used [0x00000000fb880000,0x00000000fd2f9918,0x00000000ff580000)
  to   space 69120K, 0% used [0x00000000f6e80000,0x00000000f6e80000,0x00000000fb200000)
 ParOldGen       total 310272K, used 60587K [0x0000000080000000, 0x0000000092f00000, 0x00000000d5580000)
  object space 310272K, 19% used [0x0000000080000000,0x0000000083b2af60,0x0000000092f00000)
 Metaspace       used 91838K, capacity 96354K, committed 99624K, reserved 1134592K
  class space    used 12013K, capacity 12819K, committed 13616K, reserved 1048576K
}
Event: 4063.567 GC heap before
{Heap before GC invocations=29 (full 4):
 PSYoungGen      total 612352K, used 576998K [0x00000000d5580000, 0x00000000ff580000, 0x0000000100000000)
  eden space 549888K, 100% used [0x00000000d5580000,0x00000000f6e80000,0x00000000f6e80000)
  from space 62464K, 43% used [0x00000000fb880000,0x00000000fd2f9918,0x00000000ff580000)
  to   space 69120K, 0% used [0x00000000f6e80000,0x00000000f6e80000,0x00000000fb200000)
 ParOldGen       total 310272K, used 60587K [0x0000000080000000, 0x0000000092f00000, 0x00000000d5580000)
  object space 310272K, 19% used [0x0000000080000000,0x0000000083b2af60,0x0000000092f00000)
 Metaspace       used 107654K, capacity 113340K, committed 115112K, reserved 1148928K
  class space    used 14064K, capacity 15074K, committed 15536K, reserved 1048576K
Event: 4063.603 GC heap after
Heap after GC invocations=29 (full 4):
 PSYoungGen      total 619008K, used 40397K [0x00000000d5580000, 0x0000000100000000, 0x0000000100000000)
  eden space 549888K, 0% used [0x00000000d5580000,0x00000000d5580000,0x00000000f6e80000)
  from space 69120K, 58% used [0x00000000f6e80000,0x00000000f95f3518,0x00000000fb200000)
  to   space 69120K, 0% used [0x00000000fbc80000,0x00000000fbc80000,0x0000000100000000)
 ParOldGen       total 310272K, used 60595K [0x0000000080000000, 0x0000000092f00000, 0x00000000d5580000)
  object space 310272K, 19% used [0x0000000080000000,0x0000000083b2cf60,0x0000000092f00000)
 Metaspace       used 107654K, capacity 113340K, committed 115112K, reserved 1148928K
  class space    used 14064K, capacity 15074K, committed 15536K, reserved 1048576K
}
Event: 5902.957 GC heap before
{Heap before GC invocations=30 (full 4):
 PSYoungGen      total 619008K, used 590285K [0x00000000d5580000, 0x0000000100000000, 0x0000000100000000)
  eden space 549888K, 100% used [0x00000000d5580000,0x00000000f6e80000,0x00000000f6e80000)
  from space 69120K, 58% used [0x00000000f6e80000,0x00000000f95f3518,0x00000000fb200000)
  to   space 69120K, 0% used [0x00000000fbc80000,0x00000000fbc80000,0x0000000100000000)
 ParOldGen       total 310272K, used 60595K [0x0000000080000000, 0x0000000092f00000, 0x00000000d5580000)
  object space 310272K, 19% used [0x0000000080000000,0x0000000083b2cf60,0x0000000092f00000)
 Metaspace       used 127522K, capacity 134084K, committed 134696K, reserved 1165312K
  class space    used 16464K, capacity 17703K, committed 17968K, reserved 1048576K
Event: 5902.983 GC heap after
Heap after GC invocations=30 (full 4):
 PSYoungGen      total 619520K, used 54332K [0x00000000d5580000, 0x0000000100000000, 0x0000000100000000)
  eden space 550400K, 0% used [0x00000000d5580000,0x00000000d5580000,0x00000000f6f00000)
  from space 69120K, 78% used [0x00000000fbc80000,0x00000000ff18f368,0x0000000100000000)
  to   space 74240K, 0% used [0x00000000f6f00000,0x00000000f6f00000,0x00000000fb780000)
 ParOldGen       total 310272K, used 60603K [0x0000000080000000, 0x0000000092f00000, 0x00000000d5580000)
  object space 310272K, 19% used [0x0000000080000000,0x0000000083b2ef60,0x0000000092f00000)
 Metaspace       used 127522K, capacity 134084K, committed 134696K, reserved 1165312K
  class space    used 16464K, capacity 17703K, committed 17968K, reserved 1048576K
}
Event: 6832.185 GC heap before
{Heap before GC invocations=31 (full 4):
 PSYoungGen      total 619520K, used 604732K [0x00000000d5580000, 0x0000000100000000, 0x0000000100000000)
  eden space 550400K, 100% used [0x00000000d5580000,0x00000000f6f00000,0x00000000f6f00000)
  from space 69120K, 78% used [0x00000000fbc80000,0x00000000ff18f368,0x0000000100000000)
  to   space 74240K, 0% used [0x00000000f6f00000,0x00000000f6f00000,0x00000000fb780000)
 ParOldGen       total 310272K, used 60603K [0x0000000080000000, 0x0000000092f00000, 0x00000000d5580000)
  object space 310272K, 19% used [0x0000000080000000,0x0000000083b2ef60,0x0000000092f00000)
 Metaspace       used 128845K, capacity 135772K, committed 136232K, reserved 1167360K
  class space    used 16582K, capacity 17864K, committed 17968K, reserved 1048576K
Event: 6832.201 GC heap after
Heap after GC invocations=31 (full 4):
 PSYoungGen      total 624640K, used 38561K [0x00000000d5580000, 0x0000000100000000, 0x0000000100000000)
  eden space 550400K, 0% used [0x00000000d5580000,0x00000000d5580000,0x00000000f6f00000)
  from space 74240K, 51% used [0x00000000f6f00000,0x00000000f94a8460,0x00000000fb780000)
  to   space 72704K, 0% used [0x00000000fb900000,0x00000000fb900000,0x0000000100000000)
 ParOldGen       total 310272K, used 60611K [0x0000000080000000, 0x0000000092f00000, 0x00000000d5580000)
  object space 310272K, 19% used [0x0000000080000000,0x0000000083b30f60,0x0000000092f00000)
 Metaspace       used 128845K, capacity 135772K, committed 136232K, reserved 1167360K
  class space    used 16582K, capacity 17864K, committed 17968K, reserved 1048576K
}
Event: 6842.462 GC heap before
{Heap before GC invocations=32 (full 4):
 PSYoungGen      total 624640K, used 588961K [0x00000000d5580000, 0x0000000100000000, 0x0000000100000000)
  eden space 550400K, 100% used [0x00000000d5580000,0x00000000f6f00000,0x00000000f6f00000)
  from space 74240K, 51% used [0x00000000f6f00000,0x00000000f94a8460,0x00000000fb780000)
  to   space 72704K, 0% used [0x00000000fb900000,0x00000000fb900000,0x0000000100000000)
 ParOldGen       total 310272K, used 60611K [0x0000000080000000, 0x0000000092f00000, 0x00000000d5580000)
  object space 310272K, 19% used [0x0000000080000000,0x0000000083b30f60,0x0000000092f00000)
 Metaspace       used 140358K, capacity 148840K, committed 149032K, reserved 1179648K
  class space    used 18189K, capacity 19698K, committed 19760K, reserved 1048576K
Event: 6842.487 GC heap after
Heap after GC invocations=32 (full 4):
 PSYoungGen      total 613888K, used 60670K [0x00000000d5580000, 0x0000000100000000, 0x0000000100000000)
  eden space 541184K, 0% used [0x00000000d5580000,0x00000000d5580000,0x00000000f6600000)
  from space 72704K, 83% used [0x00000000fb900000,0x00000000ff43f810,0x0000000100000000)
  to   space 78848K, 0% used [0x00000000f6600000,0x00000000f6600000,0x00000000fb300000)
 ParOldGen       total 310272K, used 60619K [0x0000000080000000, 0x0000000092f00000, 0x00000000d5580000)
  object space 310272K, 19% used [0x0000000080000000,0x0000000083b32f60,0x0000000092f00000)
 Metaspace       used 140358K, capacity 148840K, committed 149032K, reserved 1179648K
  class space    used 18189K, capacity 19698K, committed 19760K, reserved 1048576K
}

